0 info it worked if it ends with ok
1 verbose cli [ '/home/my0sot1s/.nvm/versions/node/v7.7.1/bin/node',
1 verbose cli   '/home/my0sot1s/.nvm/versions/node/v7.7.1/bin/npm',
1 verbose cli   'start' ]
2 info using npm@4.1.2
3 info using node@v7.7.1
4 verbose run-script [ 'prestart', 'start', 'poststart' ]
5 info lifecycle son-goku@1.0.0~prestart: son-goku@1.0.0
6 verbose lifecycle son-goku@1.0.0~prestart: unsafe-perm in lifecycle true
7 verbose lifecycle son-goku@1.0.0~prestart: PATH: /home/my0sot1s/.nvm/versions/node/v7.7.1/lib/node_modules/npm/bin/node-gyp-bin:/home/my0sot1s/Documents/github/son-goku/node_modules/.bin:/home/my0sot1s/.nvm/versions/node/v7.7.1/bin:/home/my0sot1s/bin:/home/my0sot1s/.local/bin:/home/my0sot1s/bin:/home/my0sot1s/.local/bin:/usr/local/sbin:/usr/local/bin:/usr/sbin:/usr/bin:/sbin:/bin:/usr/games:/usr/local/games:/snap/bin:/snap/bin
8 verbose lifecycle son-goku@1.0.0~prestart: CWD: /home/my0sot1s/Documents/github/son-goku
9 silly lifecycle son-goku@1.0.0~prestart: Args: [ '-c', 'babel src --out-dir dist' ]
10 silly lifecycle son-goku@1.0.0~prestart: Returned: code: 2  signal: null
11 info lifecycle son-goku@1.0.0~prestart: Failed to exec prestart script
12 verbose stack Error: son-goku@1.0.0 prestart: `babel src --out-dir dist`
12 verbose stack Exit status 2
12 verbose stack     at EventEmitter.<anonymous> (/home/my0sot1s/.nvm/versions/node/v7.7.1/lib/node_modules/npm/lib/utils/lifecycle.js:279:16)
12 verbose stack     at emitTwo (events.js:106:13)
12 verbose stack     at EventEmitter.emit (events.js:194:7)
12 verbose stack     at ChildProcess.<anonymous> (/home/my0sot1s/.nvm/versions/node/v7.7.1/lib/node_modules/npm/lib/utils/spawn.js:40:14)
12 verbose stack     at emitTwo (events.js:106:13)
12 verbose stack     at ChildProcess.emit (events.js:194:7)
12 verbose stack     at maybeClose (internal/child_process.js:899:16)
12 verbose stack     at Process.ChildProcess._handle.onexit (internal/child_process.js:226:5)
13 verbose pkgid son-goku@1.0.0
14 verbose cwd /home/my0sot1s/Documents/github/son-goku
15 error Linux 4.4.0-66-generic
16 error argv "/home/my0sot1s/.nvm/versions/node/v7.7.1/bin/node" "/home/my0sot1s/.nvm/versions/node/v7.7.1/bin/npm" "start"
17 error node v7.7.1
18 error npm  v4.1.2
19 error code ELIFECYCLE
20 error son-goku@1.0.0 prestart: `babel src --out-dir dist`
20 error Exit status 2
21 error Failed at the son-goku@1.0.0 prestart script 'babel src --out-dir dist'.
21 error Make sure you have the latest version of node.js and npm installed.
21 error If you do, this is most likely a problem with the son-goku package,
21 error not with npm itself.
21 error Tell the author that this fails on your system:
21 error     babel src --out-dir dist
21 error You can get information on how to open an issue for this project with:
21 error     npm bugs son-goku
21 error Or if that isn't available, you can get their info via:
21 error     npm owner ls son-goku
21 error There is likely additional logging output above.
22 verbose exit [ 1, true ]
